{"numTotalTestSuites":224,"numPassedTestSuites":201,"numFailedTestSuites":23,"numPendingTestSuites":0,"numTotalTests":592,"numPassedTests":561,"numFailedTests":20,"numPendingTests":11,"numTodoTests":0,"snapshot":{"added":0,"failure":false,"filesAdded":0,"filesRemoved":0,"filesRemovedList":[],"filesUnmatched":0,"filesUpdated":0,"matched":0,"total":0,"unchecked":0,"uncheckedKeysByFile":[],"unmatched":0,"updated":0,"didUpdate":false},"startTime":1771349770972,"success":false,"testResults":[{"assertionResults":[{"ancestorTitles":["AIContentForm Unit Tests","Form Validation"],"fullName":"AIContentForm Unit Tests Form Validation should show error when recipient name is empty","status":"passed","title":"should show error when recipient name is empty","duration":357.0559999999996,"failureMessages":[],"meta":{}},{"ancestorTitles":["AIContentForm Unit Tests","Form Validation"],"fullName":"AIContentForm Unit Tests Form Validation should show error when traits is empty","status":"passed","title":"should show error when traits is empty","duration":160.0673999999999,"failureMessages":[],"meta":{}},{"ancestorTitles":["AIContentForm Unit Tests","Form Validation"],"fullName":"AIContentForm Unit Tests Form Validation should trim whitespace from inputs","status":"passed","title":"should trim whitespace from inputs","duration":535.337,"failureMessages":[],"meta":{}},{"ancestorTitles":["AIContentForm Unit Tests","Content Type Selection"],"fullName":"AIContentForm Unit Tests Content Type Selection should default to cau-doi type","status":"passed","title":"should default to cau-doi type","duration":16.1871000000001,"failureMessages":[],"meta":{}},{"ancestorTitles":["AIContentForm Unit Tests","Content Type Selection"],"fullName":"AIContentForm Unit Tests Content Type Selection should switch content type when button is clicked","status":"passed","title":"should switch content type when button is clicked","duration":73.95010000000002,"failureMessages":[],"meta":{}},{"ancestorTitles":["AIContentForm Unit Tests","Content Type Selection"],"fullName":"AIContentForm Unit Tests Content Type Selection should send correct type to API","status":"passed","title":"should send correct type to API","duration":393.9447,"failureMessages":[],"meta":{}},{"ancestorTitles":["AIContentForm Unit Tests","Loading State"],"fullName":"AIContentForm Unit Tests Loading State should show loading state during generation","status":"passed","title":"should show loading state during generation","duration":389.63149999999996,"failureMessages":[],"meta":{}},{"ancestorTitles":["AIContentForm Unit Tests","Loading State"],"fullName":"AIContentForm Unit Tests Loading State should disable inputs during generation","status":"passed","title":"should disable inputs during generation","duration":308.1824999999999,"failureMessages":[],"meta":{}},{"ancestorTitles":["AIContentForm Unit Tests","Error Handling"],"fullName":"AIContentForm Unit Tests Error Handling should show error message on API failure","status":"passed","title":"should show error message on API failure","duration":391.6072000000004,"failureMessages":[],"meta":{}},{"ancestorTitles":["AIContentForm Unit Tests","Error Handling"],"fullName":"AIContentForm Unit Tests Error Handling should show timeout error on request timeout","status":"passed","title":"should show timeout error on request timeout","duration":541.8044,"failureMessages":[],"meta":{}},{"ancestorTitles":["AIContentForm Unit Tests","Error Handling"],"fullName":"AIContentForm Unit Tests Error Handling should show retry button after error","status":"passed","title":"should show retry button after error","duration":344.42149999999947,"failureMessages":[],"meta":{}},{"ancestorTitles":["AIContentForm Unit Tests","Success Flow"],"fullName":"AIContentForm Unit Tests Success Flow should display generated content on success","status":"passed","title":"should display generated content on success","duration":324.46709999999985,"failureMessages":[],"meta":{}},{"ancestorTitles":["AIContentForm Unit Tests","Success Flow"],"fullName":"AIContentForm Unit Tests Success Flow should show success toast on generation","status":"passed","title":"should show success toast on generation","duration":375.1214,"failureMessages":[],"meta":{}},{"ancestorTitles":["AIContentForm Unit Tests","Success Flow"],"fullName":"AIContentForm Unit Tests Success Flow should call onContentGenerated callback","status":"passed","title":"should call onContentGenerated callback","duration":341.34740000000056,"failureMessages":[],"meta":{}},{"ancestorTitles":["AIContentForm Unit Tests","Success Flow"],"fullName":"AIContentForm Unit Tests Success Flow should show retry button after successful generation","status":"passed","title":"should show retry button after successful generation","duration":363.79259999999977,"failureMessages":[],"meta":{}}],"startTime":1771349775282,"endTime":1771349780201.7925,"status":"passed","message":"","name":"D:/TET/tests/ai-content-form.test.tsx"},{"assertionResults":[{"ancestorTitles":["AI Generate API Unit Tests","Input Validation"],"fullName":"AI Generate API Unit Tests Input Validation should return 400 when type is missing","status":"passed","title":"should return 400 when type is missing","duration":8.396400000000085,"failureMessages":[],"meta":{}},{"ancestorTitles":["AI Generate API Unit Tests","Input Validation"],"fullName":"AI Generate API Unit Tests Input Validation should return 400 when recipientName is missing","status":"passed","title":"should return 400 when recipientName is missing","duration":1.7781999999997424,"failureMessages":[],"meta":{}},{"ancestorTitles":["AI Generate API Unit Tests","Input Validation"],"fullName":"AI Generate API Unit Tests Input Validation should return 400 when traits is missing","status":"passed","title":"should return 400 when traits is missing","duration":2.2182000000002517,"failureMessages":[],"meta":{}},{"ancestorTitles":["AI Generate API Unit Tests","Input Validation"],"fullName":"AI Generate API Unit Tests Input Validation should return 400 for invalid content type","status":"passed","title":"should return 400 for invalid content type","duration":1.458599999999933,"failureMessages":[],"meta":{}},{"ancestorTitles":["AI Generate API Unit Tests","Content Type Handling"],"fullName":"AI Generate API Unit Tests Content Type Handling should accept cau-doi type","status":"passed","title":"should accept cau-doi type","duration":3.0399999999999636,"failureMessages":[],"meta":{}},{"ancestorTitles":["AI Generate API Unit Tests","Content Type Handling"],"fullName":"AI Generate API Unit Tests Content Type Handling should accept loi-chuc type","status":"passed","title":"should accept loi-chuc type","duration":1.3759000000000015,"failureMessages":[],"meta":{}},{"ancestorTitles":["AI Generate API Unit Tests","Content Type Handling"],"fullName":"AI Generate API Unit Tests Content Type Handling should accept thiep-tet type","status":"passed","title":"should accept thiep-tet type","duration":1.2466999999996915,"failureMessages":[],"meta":{}},{"ancestorTitles":["AI Generate API Unit Tests","Successful Generation"],"fullName":"AI Generate API Unit Tests Successful Generation should return generated content on success","status":"passed","title":"should return generated content on success","duration":1.5886999999997897,"failureMessages":[],"meta":{}},{"ancestorTitles":["AI Generate API Unit Tests","Successful Generation"],"fullName":"AI Generate API Unit Tests Successful Generation should return content with correct structure","status":"passed","title":"should return content with correct structure","duration":2.3588999999997213,"failureMessages":[],"meta":{}},{"ancestorTitles":["AI Generate API Unit Tests","Prompt Construction"],"fullName":"AI Generate API Unit Tests Prompt Construction should include recipient name in prompt for cau-doi","status":"passed","title":"should include recipient name in prompt for cau-doi","duration":1.3275000000003274,"failureMessages":[],"meta":{}},{"ancestorTitles":["AI Generate API Unit Tests","Prompt Construction"],"fullName":"AI Generate API Unit Tests Prompt Construction should include traits in prompt for loi-chuc","status":"passed","title":"should include traits in prompt for loi-chuc","duration":0.8230000000003201,"failureMessages":[],"meta":{}},{"ancestorTitles":["AI Generate API Unit Tests","Prompt Construction"],"fullName":"AI Generate API Unit Tests Prompt Construction should use appropriate prompt for thiep-tet","status":"passed","title":"should use appropriate prompt for thiep-tet","duration":0.6520000000000437,"failureMessages":[],"meta":{}},{"ancestorTitles":["AI Generate API Unit Tests","Edge Cases"],"fullName":"AI Generate API Unit Tests Edge Cases should handle special characters in recipient name","status":"passed","title":"should handle special characters in recipient name","duration":1.0239000000001397,"failureMessages":[],"meta":{}},{"ancestorTitles":["AI Generate API Unit Tests","Edge Cases"],"fullName":"AI Generate API Unit Tests Edge Cases should handle long traits text","status":"passed","title":"should handle long traits text","duration":0.9618999999997868,"failureMessages":[],"meta":{}},{"ancestorTitles":["AI Generate API Unit Tests","Edge Cases"],"fullName":"AI Generate API Unit Tests Edge Cases should handle Vietnamese diacritics correctly","status":"passed","title":"should handle Vietnamese diacritics correctly","duration":0.892399999999725,"failureMessages":[],"meta":{}}],"startTime":1771349789997,"endTime":1771349790027.8923,"status":"passed","message":"","name":"D:/TET/tests/ai-generate-api.test.ts"},{"assertionResults":[{"ancestorTitles":["AI Content Generation Property Tests"],"fullName":"AI Content Generation Property Tests Property 5: AI Content Generation with Correct Prompt - should send correct prompt to Gemini API","status":"passed","title":"Property 5: AI Content Generation with Correct Prompt - should send correct prompt to Gemini API","duration":148.61889999999994,"failureMessages":[],"meta":{}},{"ancestorTitles":["AI Content Generation Property Tests"],"fullName":"AI Content Generation Property Tests Property 5 (Validation): should reject invalid content types","status":"passed","title":"Property 5 (Validation): should reject invalid content types","duration":33.365999999999985,"failureMessages":[],"meta":{}},{"ancestorTitles":["AI Content Generation Property Tests"],"fullName":"AI Content Generation Property Tests Property 5 (Validation): should reject missing required fields","status":"passed","title":"Property 5 (Validation): should reject missing required fields","duration":28.88689999999997,"failureMessages":[],"meta":{}},{"ancestorTitles":["AI Content Generation Property Tests"],"fullName":"AI Content Generation Property Tests Property 5 (Content Types): should handle all three content types correctly","status":"passed","title":"Property 5 (Content Types): should handle all three content types correctly","duration":60.412700000000314,"failureMessages":[],"meta":{}}],"startTime":1771349784751,"endTime":1771349785022.4126,"status":"passed","message":"","name":"D:/TET/tests/ai-generation.property.test.ts"},{"assertionResults":[{"ancestorTitles":["Auth Flow - Login Button"],"fullName":"Auth Flow - Login Button should render login button with Google text","status":"passed","title":"should render login button with Google text","duration":40.33510000000001,"failureMessages":[],"meta":{}},{"ancestorTitles":["Auth Flow - Login Button"],"fullName":"Auth Flow - Login Button should render Google logo in button","status":"passed","title":"should render Google logo in button","duration":5.195600000000013,"failureMessages":[],"meta":{}},{"ancestorTitles":["Auth Flow - Login Button"],"fullName":"Auth Flow - Login Button should be enabled by default","status":"passed","title":"should be enabled by default","duration":7.244699999999966,"failureMessages":[],"meta":{}},{"ancestorTitles":["Auth Flow - Login Button"],"fullName":"Auth Flow - Login Button should show loading state when clicked","status":"passed","title":"should show loading state when clicked","duration":29.171600000000126,"failureMessages":[],"meta":{}},{"ancestorTitles":["Auth Flow - Login Button"],"fullName":"Auth Flow - Login Button should call signInWithOAuth when clicked","status":"passed","title":"should call signInWithOAuth when clicked","duration":17.47849999999994,"failureMessages":[],"meta":{}},{"ancestorTitles":["Auth Flow - Login Button"],"fullName":"Auth Flow - Login Button should include redirect parameter in callback URL when present","status":"passed","title":"should include redirect parameter in callback URL when present","duration":9.522500000000036,"failureMessages":[],"meta":{}},{"ancestorTitles":["Auth Flow - Login Button"],"fullName":"Auth Flow - Login Button should handle OAuth error gracefully","status":"passed","title":"should handle OAuth error gracefully","duration":17.804499999999962,"failureMessages":[],"meta":{}},{"ancestorTitles":["Auth Flow - Login Button"],"fullName":"Auth Flow - Login Button should handle unexpected errors","status":"passed","title":"should handle unexpected errors","duration":15.157799999999952,"failureMessages":[],"meta":{}},{"ancestorTitles":["Auth Flow - OAuth Redirect"],"fullName":"Auth Flow - OAuth Redirect should redirect to Google OAuth URL","status":"passed","title":"should redirect to Google OAuth URL","duration":8.66859999999997,"failureMessages":[],"meta":{}},{"ancestorTitles":["Auth Flow - OAuth Redirect"],"fullName":"Auth Flow - OAuth Redirect should include callback URL in OAuth options","status":"passed","title":"should include callback URL in OAuth options","duration":9.226200000000063,"failureMessages":[],"meta":{}},{"ancestorTitles":["Auth Flow - Session Persistence"],"fullName":"Auth Flow - Session Persistence should persist session after successful login","status":"passed","title":"should persist session after successful login","duration":15.823699999999917,"failureMessages":[],"meta":{}},{"ancestorTitles":["Auth Flow - Session Persistence"],"fullName":"Auth Flow - Session Persistence should maintain session across component remounts","status":"passed","title":"should maintain session across component remounts","duration":27.763999999999896,"failureMessages":[],"meta":{}},{"ancestorTitles":["Auth Flow - Session Persistence"],"fullName":"Auth Flow - Session Persistence should clear session on sign out","status":"passed","title":"should clear session on sign out","duration":27.20970000000034,"failureMessages":[],"meta":{}},{"ancestorTitles":["Auth Flow - Session Persistence"],"fullName":"Auth Flow - Session Persistence should handle no session gracefully","status":"passed","title":"should handle no session gracefully","duration":15.156500000000051,"failureMessages":[],"meta":{}},{"ancestorTitles":["Auth Flow - Protected Routes"],"fullName":"Auth Flow - Protected Routes should redirect to login when user is not authenticated","status":"passed","title":"should redirect to login when user is not authenticated","duration":62.19599999999991,"failureMessages":[],"meta":{}},{"ancestorTitles":["Auth Flow - Protected Routes"],"fullName":"Auth Flow - Protected Routes should render children when user is authenticated","status":"passed","title":"should render children when user is authenticated","duration":16.372499999999945,"failureMessages":[],"meta":{}},{"ancestorTitles":["Auth Flow - Protected Routes"],"fullName":"Auth Flow - Protected Routes should show loading state while checking authentication","status":"passed","title":"should show loading state while checking authentication","duration":2.975199999999859,"failureMessages":[],"meta":{}},{"ancestorTitles":["Auth Flow - Protected Routes"],"fullName":"Auth Flow - Protected Routes should use custom redirect path when provided","status":"passed","title":"should use custom redirect path when provided","duration":83.1603,"failureMessages":[],"meta":{}}],"startTime":1771349779511,"endTime":1771349779927.1604,"status":"passed","message":"","name":"D:/TET/tests/auth-flow.test.tsx"},{"assertionResults":[{"ancestorTitles":["AuthProvider"],"fullName":"AuthProvider should provide initial null user when no session exists","status":"passed","title":"should provide initial null user when no session exists","duration":117.34500000000003,"failureMessages":[],"meta":{}},{"ancestorTitles":["AuthProvider"],"fullName":"AuthProvider should provide user when session exists","status":"passed","title":"should provide user when session exists","duration":108.81249999999977,"failureMessages":[],"meta":{}},{"ancestorTitles":["AuthProvider"],"fullName":"AuthProvider should handle signOut correctly","status":"passed","title":"should handle signOut correctly","duration":149.5243999999998,"failureMessages":[],"meta":{}},{"ancestorTitles":["AuthProvider"],"fullName":"AuthProvider should throw error when useAuth is used outside AuthProvider","status":"passed","title":"should throw error when useAuth is used outside AuthProvider","duration":7.885999999999967,"failureMessages":[],"meta":{}}],"startTime":1771349781851,"endTime":1771349782234.886,"status":"passed","message":"","name":"D:/TET/tests/auth-provider.test.ts"},{"assertionResults":[{"ancestorTitles":["Authentication Property Tests"],"fullName":"Authentication Property Tests Property 1: User Authentication Persistence - For any successful OAuth login, user data (email, name, avatar) must be persisted in database","status":"passed","title":"Property 1: User Authentication Persistence - For any successful OAuth login, user data (email, name, avatar) must be persisted in database","duration":1223.2756000000002,"failureMessages":[],"meta":{}},{"ancestorTitles":["Authentication Property Tests"],"fullName":"Authentication Property Tests Property 1 (Update Case): User Authentication Persistence - For any existing user login, user data should be retrievable from database","status":"passed","title":"Property 1 (Update Case): User Authentication Persistence - For any existing user login, user data should be retrievable from database","duration":59.596100000000206,"failureMessages":[],"meta":{}},{"ancestorTitles":["Authentication Property Tests"],"fullName":"Authentication Property Tests Property 1 (Data Integrity): User Authentication Persistence - User data must maintain referential integrity","status":"passed","title":"Property 1 (Data Integrity): User Authentication Persistence - User data must maintain referential integrity","duration":117.69210000000021,"failureMessages":[],"meta":{}}],"startTime":1771349774899,"endTime":1771349776300.6921,"status":"passed","message":"","name":"D:/TET/tests/auth.property.test.ts"},{"assertionResults":[{"ancestorTitles":["Supabase Cache"],"fullName":"Supabase Cache should cache query results","status":"passed","title":"should cache query results","duration":3.519700000000057,"failureMessages":[],"meta":{}},{"ancestorTitles":["Supabase Cache"],"fullName":"Supabase Cache should respect TTL and refetch after expiration","status":"passed","title":"should respect TTL and refetch after expiration","duration":159.09300000000007,"failureMessages":[],"meta":{}},{"ancestorTitles":["Supabase Cache"],"fullName":"Supabase Cache should invalidate cache entry","status":"passed","title":"should invalidate cache entry","duration":0.3288000000000011,"failureMessages":[],"meta":{}},{"ancestorTitles":["Supabase Cache"],"fullName":"Supabase Cache should invalidate cache entries by pattern","status":"passed","title":"should invalidate cache entries by pattern","duration":0.4250000000001819,"failureMessages":[],"meta":{}},{"ancestorTitles":["Supabase Cache"],"fullName":"Supabase Cache should handle errors gracefully","status":"passed","title":"should handle errors gracefully","duration":1.2018000000000484,"failureMessages":[],"meta":{}},{"ancestorTitles":["Supabase Cache"],"fullName":"Supabase Cache should prefetch data","status":"passed","title":"should prefetch data","duration":0.2925999999999931,"failureMessages":[],"meta":{}},{"ancestorTitles":["Supabase Cache"],"fullName":"Supabase Cache should cleanup expired entries","status":"passed","title":"should cleanup expired entries","duration":153.0471,"failureMessages":[],"meta":{}},{"ancestorTitles":["Supabase Cache"],"fullName":"Supabase Cache should clear all cache","status":"passed","title":"should clear all cache","duration":0.5683999999998832,"failureMessages":[],"meta":{}},{"ancestorTitles":["Cache Performance"],"fullName":"Cache Performance should be faster on cache hit","status":"passed","title":"should be faster on cache hit","duration":119.92879999999991,"failureMessages":[],"meta":{}}],"startTime":1771349779521,"endTime":1771349779960.9287,"status":"passed","message":"","name":"D:/TET/tests/caching.test.ts"},{"assertionResults":[{"ancestorTitles":["CreateEventForm"],"fullName":"CreateEventForm should render form fields","status":"passed","title":"should render form fields","duration":66.21419999999989,"failureMessages":[],"meta":{}},{"ancestorTitles":["CreateEventForm"],"fullName":"CreateEventForm should show error when submitting with empty title","status":"passed","title":"should show error when submitting with empty title","duration":51.10409999999979,"failureMessages":[],"meta":{}},{"ancestorTitles":["CreateEventForm"],"fullName":"CreateEventForm should submit form with valid data","status":"passed","title":"should submit form with valid data","duration":47.56989999999996,"failureMessages":[],"meta":{}},{"ancestorTitles":["CreateEventForm"],"fullName":"CreateEventForm should handle API errors","status":"passed","title":"should handle API errors","duration":54.30210000000011,"failureMessages":[],"meta":{}},{"ancestorTitles":["CreateEventForm"],"fullName":"CreateEventForm should disable form during submission","status":"passed","title":"should disable form during submission","duration":144.8087999999998,"failureMessages":[],"meta":{}}],"startTime":1771349780596,"endTime":1771349780959.8088,"status":"passed","message":"","name":"D:/TET/tests/create-event-form.test.tsx"},{"assertionResults":[{"ancestorTitles":["Create Family Integration Test"],"fullName":"Create Family Integration Test should complete full flow: render page, fill form, submit, show invite card, and redirect","status":"passed","title":"should complete full flow: render page, fill form, submit, show invite card, and redirect","duration":165.14110000000028,"failureMessages":[],"meta":{}},{"ancestorTitles":["Create Family Integration Test"],"fullName":"Create Family Integration Test should show validation error for empty name","status":"passed","title":"should show validation error for empty name","duration":45.234899999999925,"failureMessages":[],"meta":{}},{"ancestorTitles":["Create Family Integration Test"],"fullName":"Create Family Integration Test should handle API errors gracefully","status":"passed","title":"should handle API errors gracefully","duration":67.3786,"failureMessages":[],"meta":{}}],"startTime":1771349785768,"endTime":1771349786046.3787,"status":"passed","message":"","name":"D:/TET/tests/create-family-integration.test.tsx"},{"assertionResults":[{"ancestorTitles":["CreateFamilyForm"],"fullName":"CreateFamilyForm should render form with input and button","status":"passed","title":"should render form with input and button","duration":57.905100000000175,"failureMessages":[],"meta":{}},{"ancestorTitles":["CreateFamilyForm"],"fullName":"CreateFamilyForm should show error when submitting empty name","status":"passed","title":"should show error when submitting empty name","duration":20.425899999999956,"failureMessages":[],"meta":{}},{"ancestorTitles":["CreateFamilyForm"],"fullName":"CreateFamilyForm should show error when submitting whitespace-only name","status":"passed","title":"should show error when submitting whitespace-only name","duration":23.236099999999624,"failureMessages":[],"meta":{}},{"ancestorTitles":["CreateFamilyForm"],"fullName":"CreateFamilyForm should show invite card on successful submission","status":"passed","title":"should show invite card on successful submission","duration":36.50779999999986,"failureMessages":[],"meta":{}},{"ancestorTitles":["CreateFamilyForm"],"fullName":"CreateFamilyForm should show error message on API failure","status":"passed","title":"should show error message on API failure","duration":30.95109999999977,"failureMessages":[],"meta":{}},{"ancestorTitles":["CreateFamilyForm"],"fullName":"CreateFamilyForm should disable input and button while loading","status":"passed","title":"should disable input and button while loading","duration":42.152000000000044,"failureMessages":[],"meta":{}},{"ancestorTitles":["CreateFamilyForm"],"fullName":"CreateFamilyForm should trim whitespace from family name","status":"passed","title":"should trim whitespace from family name","duration":23.184400000000096,"failureMessages":[],"meta":{}},{"ancestorTitles":["CreateFamilyForm"],"fullName":"CreateFamilyForm should redirect to dashboard when clicking \"Đi đến trang chủ\" button","status":"passed","title":"should redirect to dashboard when clicking \"Đi đến trang chủ\" button","duration":30.209899999999834,"failureMessages":[],"meta":{}}],"startTime":1771349782245,"endTime":1771349782510.21,"status":"passed","message":"","name":"D:/TET/tests/create-family.test.tsx"},{"assertionResults":[{"ancestorTitles":["Dashboard Page - Loading States"],"fullName":"Dashboard Page - Loading States should render the dashboard layout even when loading","status":"passed","title":"should render the dashboard layout even when loading","duration":43.062000000000126,"failureMessages":[],"meta":{}},{"ancestorTitles":["Dashboard Page - Loading States"],"fullName":"Dashboard Page - Loading States should show skeleton loaders for posts when loading","status":"passed","title":"should show skeleton loaders for posts when loading","duration":23.54300000000012,"failureMessages":[],"meta":{}},{"ancestorTitles":["Dashboard Page - Loading States"],"fullName":"Dashboard Page - Loading States should show posts section header even when loading","status":"passed","title":"should show posts section header even when loading","duration":34.41410000000019,"failureMessages":[],"meta":{}},{"ancestorTitles":["Dashboard Page - Loading States"],"fullName":"Dashboard Page - Loading States should show events section header even when loading","status":"passed","title":"should show events section header even when loading","duration":19.35259999999971,"failureMessages":[],"meta":{}},{"ancestorTitles":["Dashboard Page - Loading States"],"fullName":"Dashboard Page - Loading States should show photos section header even when loading","status":"passed","title":"should show photos section header even when loading","duration":14.869400000000041,"failureMessages":[],"meta":{}},{"ancestorTitles":["Dashboard Page - Loading States"],"fullName":"Dashboard Page - Loading States should show quick actions even when data is loading","status":"passed","title":"should show quick actions even when data is loading","duration":44.82029999999986,"failureMessages":[],"meta":{}},{"ancestorTitles":["Dashboard Page - Loading States"],"fullName":"Dashboard Page - Loading States should not show empty state messages when loading","status":"passed","title":"should not show empty state messages when loading","duration":21.711099999999988,"failureMessages":[],"meta":{}},{"ancestorTitles":["Dashboard Page - Loading States"],"fullName":"Dashboard Page - Loading States should not show actual content when loading","status":"passed","title":"should not show actual content when loading","duration":11.513400000000274,"failureMessages":[],"meta":{}}],"startTime":1771349784188,"endTime":1771349784401.5134,"status":"passed","message":"","name":"D:/TET/tests/dashboard-loading.test.tsx"},{"assertionResults":[{"ancestorTitles":["Dashboard Page - Layout Rendering"],"fullName":"Dashboard Page - Layout Rendering should render the dashboard with AppLayout","status":"passed","title":"should render the dashboard with AppLayout","duration":43.45179999999982,"failureMessages":[],"meta":{}},{"ancestorTitles":["Dashboard Page - Layout Rendering"],"fullName":"Dashboard Page - Layout Rendering should render dashboard header with family name","status":"passed","title":"should render dashboard header with family name","duration":19.781400000000076,"failureMessages":[],"meta":{}},{"ancestorTitles":["Dashboard Page - Layout Rendering"],"fullName":"Dashboard Page - Layout Rendering should render quick actions card","status":"passed","title":"should render quick actions card","duration":15.498499999999922,"failureMessages":[],"meta":{}},{"ancestorTitles":["Dashboard Page - Layout Rendering"],"fullName":"Dashboard Page - Layout Rendering should render recent posts section","status":"passed","title":"should render recent posts section","duration":23.81349999999975,"failureMessages":[],"meta":{}},{"ancestorTitles":["Dashboard Page - Layout Rendering"],"fullName":"Dashboard Page - Layout Rendering should render upcoming events section","status":"passed","title":"should render upcoming events section","duration":17.276900000000296,"failureMessages":[],"meta":{}},{"ancestorTitles":["Dashboard Page - Layout Rendering"],"fullName":"Dashboard Page - Layout Rendering should render recent photos section","status":"passed","title":"should render recent photos section","duration":23.885299999999916,"failureMessages":[],"meta":{}},{"ancestorTitles":["Dashboard Page - Quick Actions"],"fullName":"Dashboard Page - Quick Actions should render all 4 quick action buttons","status":"passed","title":"should render all 4 quick action buttons","duration":15.073100000000068,"failureMessages":[],"meta":{}},{"ancestorTitles":["Dashboard Page - Quick Actions"],"fullName":"Dashboard Page - Quick Actions should navigate to AI generate page when clicking AI button","status":"passed","title":"should navigate to AI generate page when clicking AI button","duration":24.52029999999968,"failureMessages":[],"meta":{}},{"ancestorTitles":["Dashboard Page - Quick Actions"],"fullName":"Dashboard Page - Quick Actions should navigate to create post page when clicking post button","status":"passed","title":"should navigate to create post page when clicking post button","duration":35.25619999999981,"failureMessages":[],"meta":{}},{"ancestorTitles":["Dashboard Page - Quick Actions"],"fullName":"Dashboard Page - Quick Actions should navigate to create event page when clicking event button","status":"passed","title":"should navigate to create event page when clicking event button","duration":15.272500000000036,"failureMessages":[],"meta":{}},{"ancestorTitles":["Dashboard Page - Quick Actions"],"fullName":"Dashboard Page - Quick Actions should navigate to photos page when clicking upload button","status":"passed","title":"should navigate to photos page when clicking upload button","duration":15.62559999999985,"failureMessages":[],"meta":{}},{"ancestorTitles":["Dashboard Page - Navigation Links"],"fullName":"Dashboard Page - Navigation Links should have \"Xem tất cả\" link for posts","status":"passed","title":"should have \"Xem tất cả\" link for posts","duration":25.65229999999974,"failureMessages":[],"meta":{}},{"ancestorTitles":["Dashboard Page - Navigation Links"],"fullName":"Dashboard Page - Navigation Links should navigate to posts page when clicking \"Xem tất cả\" for posts","status":"passed","title":"should navigate to posts page when clicking \"Xem tất cả\" for posts","duration":82.9690999999998,"failureMessages":[],"meta":{}},{"ancestorTitles":["Dashboard Page - Navigation Links"],"fullName":"Dashboard Page - Navigation Links should navigate to events page when clicking \"Xem tất cả\" for events","status":"passed","title":"should navigate to events page when clicking \"Xem tất cả\" for events","duration":17.040899999999965,"failureMessages":[],"meta":{}},{"ancestorTitles":["Dashboard Page - Navigation Links"],"fullName":"Dashboard Page - Navigation Links should navigate to photos page when clicking \"Xem tất cả\" for photos","status":"passed","title":"should navigate to photos page when clicking \"Xem tất cả\" for photos","duration":17.435500000000047,"failureMessages":[],"meta":{}},{"ancestorTitles":["Dashboard Page - Content Display"],"fullName":"Dashboard Page - Content Display should display recent posts (max 3)","status":"passed","title":"should display recent posts (max 3)","duration":17.903499999999894,"failureMessages":[],"meta":{}},{"ancestorTitles":["Dashboard Page - Content Display"],"fullName":"Dashboard Page - Content Display should display upcoming events (max 3)","status":"passed","title":"should display upcoming events (max 3)","duration":15.791400000000067,"failureMessages":[],"meta":{}},{"ancestorTitles":["Dashboard Page - Content Display"],"fullName":"Dashboard Page - Content Display should display recent photos (max 6)","status":"passed","title":"should display recent photos (max 6)","duration":18.911999999999807,"failureMessages":[],"meta":{}},{"ancestorTitles":["Dashboard Page - Content Display"],"fullName":"Dashboard Page - Content Display should navigate to photo viewer when clicking a photo","status":"passed","title":"should navigate to photo viewer when clicking a photo","duration":12.35550000000012,"failureMessages":[],"meta":{}},{"ancestorTitles":["Dashboard Page - Reactions"],"fullName":"Dashboard Page - Reactions should handle reaction on post","status":"passed","title":"should handle reaction on post","duration":10.585500000000138,"failureMessages":[],"meta":{}}],"startTime":1771349781526,"endTime":1771349782003.5854,"status":"passed","message":"","name":"D:/TET/tests/dashboard.test.tsx"},{"assertionResults":[{"ancestorTitles":["ErrorBoundary"],"fullName":"ErrorBoundary should render children when no error","status":"passed","title":"should render children when no error","duration":23.77559999999994,"failureMessages":[],"meta":{}},{"ancestorTitles":["ErrorBoundary"],"fullName":"ErrorBoundary should render fallback UI when error occurs","status":"passed","title":"should render fallback UI when error occurs","duration":25.30159999999978,"failureMessages":[],"meta":{}},{"ancestorTitles":["ErrorBoundary"],"fullName":"ErrorBoundary should show error message in development mode","status":"passed","title":"should show error message in development mode","duration":17.15059999999994,"failureMessages":[],"meta":{}},{"ancestorTitles":["ErrorBoundary"],"fullName":"ErrorBoundary should have retry button","status":"passed","title":"should have retry button","duration":14.777099999999791,"failureMessages":[],"meta":{}},{"ancestorTitles":["ErrorBoundary"],"fullName":"ErrorBoundary should have home button","status":"passed","title":"should have home button","duration":13.624099999999999,"failureMessages":[],"meta":{}},{"ancestorTitles":["ErrorBoundary"],"fullName":"ErrorBoundary should call handleReset when retry is clicked","status":"passed","title":"should call handleReset when retry is clicked","duration":46.52380000000039,"failureMessages":[],"meta":{}},{"ancestorTitles":["ErrorBoundary"],"fullName":"ErrorBoundary should use custom fallback when provided","status":"passed","title":"should use custom fallback when provided","duration":7.378299999999854,"failureMessages":[],"meta":{}},{"ancestorTitles":["ErrorBoundary"],"fullName":"ErrorBoundary should call componentDidCatch when error occurs","status":"passed","title":"should call componentDidCatch when error occurs","duration":15.04930000000013,"failureMessages":[],"meta":{}}],"startTime":1771349786436,"endTime":1771349786600.0493,"status":"passed","message":"","name":"D:/TET/tests/error-boundary.test.tsx"},{"assertionResults":[{"ancestorTitles":["Error Handling","calculateBackoffDelay"],"fullName":"Error Handling calculateBackoffDelay should calculate exponential backoff","status":"passed","title":"should calculate exponential backoff","duration":1.8699999999998909,"failureMessages":[],"meta":{}},{"ancestorTitles":["Error Handling","calculateBackoffDelay"],"fullName":"Error Handling calculateBackoffDelay should cap delay at maxDelay","status":"passed","title":"should cap delay at maxDelay","duration":0.4290000000000873,"failureMessages":[],"meta":{}},{"ancestorTitles":["Error Handling","isRetryableError"],"fullName":"Error Handling isRetryableError should identify network errors as retryable","status":"passed","title":"should identify network errors as retryable","duration":0.6766999999999825,"failureMessages":[],"meta":{}},{"ancestorTitles":["Error Handling","isRetryableError"],"fullName":"Error Handling isRetryableError should identify timeout errors as retryable","status":"passed","title":"should identify timeout errors as retryable","duration":0.7125999999998385,"failureMessages":[],"meta":{}},{"ancestorTitles":["Error Handling","isRetryableError"],"fullName":"Error Handling isRetryableError should identify 5xx errors as retryable","status":"passed","title":"should identify 5xx errors as retryable","duration":0.42660000000000764,"failureMessages":[],"meta":{}},{"ancestorTitles":["Error Handling","isRetryableError"],"fullName":"Error Handling isRetryableError should identify 429 as retryable","status":"passed","title":"should identify 429 as retryable","duration":0.19209999999998217,"failureMessages":[],"meta":{}},{"ancestorTitles":["Error Handling","isRetryableError"],"fullName":"Error Handling isRetryableError should not retry 4xx errors (except 408, 429)","status":"passed","title":"should not retry 4xx errors (except 408, 429)","duration":0.25739999999996144,"failureMessages":[],"meta":{}},{"ancestorTitles":["Error Handling","isRetryableError"],"fullName":"Error Handling isRetryableError should retry 408 timeout","status":"passed","title":"should retry 408 timeout","duration":0.1634999999998854,"failureMessages":[],"meta":{}},{"ancestorTitles":["Error Handling","retryWithBackoff"],"fullName":"Error Handling retryWithBackoff should succeed on first attempt","status":"passed","title":"should succeed on first attempt","duration":3.3473999999998796,"failureMessages":[],"meta":{}},{"ancestorTitles":["Error Handling","retryWithBackoff"],"fullName":"Error Handling retryWithBackoff should retry on retryable errors","status":"passed","title":"should retry on retryable errors","duration":2.2976000000001022,"failureMessages":[],"meta":{}},{"ancestorTitles":["Error Handling","retryWithBackoff"],"fullName":"Error Handling retryWithBackoff should not retry non-retryable errors","status":"passed","title":"should not retry non-retryable errors","duration":2.5474000000001524,"failureMessages":[],"meta":{}},{"ancestorTitles":["Error Handling","retryWithBackoff"],"fullName":"Error Handling retryWithBackoff should throw after max retries","status":"passed","title":"should throw after max retries","duration":6.147899999999936,"failureMessages":[],"meta":{}},{"ancestorTitles":["Error Handling","retryWithBackoff"],"fullName":"Error Handling retryWithBackoff should use custom shouldRetry function","status":"passed","title":"should use custom shouldRetry function","duration":4.629500000000007,"failureMessages":[],"meta":{}},{"ancestorTitles":["Error Handling","getErrorMessage"],"fullName":"Error Handling getErrorMessage should return message for 401 error","status":"passed","title":"should return message for 401 error","duration":0.40210000000001855,"failureMessages":[],"meta":{}},{"ancestorTitles":["Error Handling","getErrorMessage"],"fullName":"Error Handling getErrorMessage should return message for 403 error","status":"passed","title":"should return message for 403 error","duration":0.18260000000009313,"failureMessages":[],"meta":{}},{"ancestorTitles":["Error Handling","getErrorMessage"],"fullName":"Error Handling getErrorMessage should return message for 404 error","status":"passed","title":"should return message for 404 error","duration":0.1331000000000131,"failureMessages":[],"meta":{}},{"ancestorTitles":["Error Handling","getErrorMessage"],"fullName":"Error Handling getErrorMessage should return message for 429 error","status":"passed","title":"should return message for 429 error","duration":0.1090999999998985,"failureMessages":[],"meta":{}},{"ancestorTitles":["Error Handling","getErrorMessage"],"fullName":"Error Handling getErrorMessage should return message for 5xx errors","status":"passed","title":"should return message for 5xx errors","duration":0.1047000000000935,"failureMessages":[],"meta":{}},{"ancestorTitles":["Error Handling","getErrorMessage"],"fullName":"Error Handling getErrorMessage should return message for network errors","status":"passed","title":"should return message for network errors","duration":0.11710000000016407,"failureMessages":[],"meta":{}},{"ancestorTitles":["Error Handling","getErrorMessage"],"fullName":"Error Handling getErrorMessage should return message for timeout errors","status":"passed","title":"should return message for timeout errors","duration":0.126700000000028,"failureMessages":[],"meta":{}},{"ancestorTitles":["Error Handling","getErrorMessage"],"fullName":"Error Handling getErrorMessage should return message for database constraint errors","status":"passed","title":"should return message for database constraint errors","duration":0.12299999999981992,"failureMessages":[],"meta":{}},{"ancestorTitles":["Error Handling","getErrorMessage"],"fullName":"Error Handling getErrorMessage should return message for RLS policy errors","status":"passed","title":"should return message for RLS policy errors","duration":0.09399999999982356,"failureMessages":[],"meta":{}},{"ancestorTitles":["Error Handling","getErrorMessage"],"fullName":"Error Handling getErrorMessage should return default message for unknown errors","status":"passed","title":"should return default message for unknown errors","duration":0.1090999999998985,"failureMessages":[],"meta":{}},{"ancestorTitles":["Error Handling","getErrorMessage"],"fullName":"Error Handling getErrorMessage should return default message for errors without message","status":"passed","title":"should return default message for errors without message","duration":0.0907999999999447,"failureMessages":[],"meta":{}},{"ancestorTitles":["Error Handling","fetchWithRetry"],"fullName":"Error Handling fetchWithRetry should fetch successfully","status":"passed","title":"should fetch successfully","duration":1.185799999999972,"failureMessages":[],"meta":{}},{"ancestorTitles":["Error Handling","fetchWithRetry"],"fullName":"Error Handling fetchWithRetry should retry on 500 error","status":"passed","title":"should retry on 500 error","duration":1.8368999999997868,"failureMessages":[],"meta":{}},{"ancestorTitles":["Error Handling","fetchWithRetry"],"fullName":"Error Handling fetchWithRetry should not retry on 400 error","status":"passed","title":"should not retry on 400 error","duration":1.0679000000000087,"failureMessages":[],"meta":{}},{"ancestorTitles":["Error Handling","fetchWithRetry"],"fullName":"Error Handling fetchWithRetry should include error info from response","status":"passed","title":"should include error info from response","duration":1.1554999999998472,"failureMessages":[],"meta":{}},{"ancestorTitles":["Error Handling","APIError"],"fullName":"Error Handling APIError should create error with all properties","status":"passed","title":"should create error with all properties","duration":0.3811000000000604,"failureMessages":[],"meta":{}},{"ancestorTitles":["Error Handling","APIError"],"fullName":"Error Handling APIError should be instanceof Error","status":"passed","title":"should be instanceof Error","duration":0.16290000000003602,"failureMessages":[],"meta":{}}],"startTime":1771349789900,"endTime":1771349789932.381,"status":"passed","message":"","name":"D:/TET/tests/error-handling.test.ts"},{"assertionResults":[],"startTime":1771349770972,"endTime":1771349770972,"status":"failed","message":"Invalid supabaseUrl: Must be a valid HTTP or HTTPS URL.","name":"D:/TET/tests/events-api.test.ts"},{"assertionResults":[{"ancestorTitles":["Events Property Tests"],"fullName":"Events Property Tests Property 11: Event Persistence - all event data must be persisted correctly","status":"skipped","title":"Property 11: Event Persistence - all event data must be persisted correctly","failureMessages":[],"meta":{}},{"ancestorTitles":["Events Property Tests"],"fullName":"Events Property Tests Property 12: Event Timeline Ordering - events must be ordered by date","status":"skipped","title":"Property 12: Event Timeline Ordering - events must be ordered by date","failureMessages":[],"meta":{}}],"startTime":1771349770972,"endTime":1771349770972,"status":"passed","message":"","name":"D:/TET/tests/events.property.test.ts"},{"assertionResults":[{"ancestorTitles":["Fallback UI Components","OfflineIndicator"],"fullName":"Fallback UI Components OfflineIndicator should not show indicator when online and showWhenOnline is false","status":"passed","title":"should not show indicator when online and showWhenOnline is false","duration":23.453500000000076,"failureMessages":[],"meta":{}},{"ancestorTitles":["Fallback UI Components","OfflineIndicator"],"fullName":"Fallback UI Components OfflineIndicator should show offline indicator when offline","status":"passed","title":"should show offline indicator when offline","duration":41.67629999999963,"failureMessages":[],"meta":{}},{"ancestorTitles":["Fallback UI Components","OfflineIndicator"],"fullName":"Fallback UI Components OfflineIndicator should show online indicator when showWhenOnline is true","status":"passed","title":"should show online indicator when showWhenOnline is true","duration":11.056500000000142,"failureMessages":[],"meta":{}},{"ancestorTitles":["Fallback UI Components","OfflineIndicator"],"fullName":"Fallback UI Components OfflineIndicator should hide online indicator after 3 seconds","status":"failed","title":"should hide online indicator after 3 seconds","duration":5020.1495,"failureMessages":["Error: STACK_TRACE_ERROR\n    at task (file:///D:/TET/node_modules/@vitest/runner/dist/index.js:796:27)\n    at Object.<anonymous> (file:///D:/TET/node_modules/@vitest/runner/dist/index.js:823:16)\n    at Object.<anonymous> (file:///D:/TET/node_modules/@vitest/runner/dist/index.js:615:28)\n    at chain (file:///D:/TET/node_modules/@vitest/runner/dist/chunk-tasks.js:9:14)\n    at D:/TET/tests/fallback-ui.test.tsx:47:5\n    at file:///D:/TET/node_modules/@vitest/runner/dist/index.js:901:40\n    at runWithSuite (file:///D:/TET/node_modules/@vitest/runner/dist/index.js:1195:8)\n    at Object.collect (file:///D:/TET/node_modules/@vitest/runner/dist/index.js:901:10)\n    at Object.collect (file:///D:/TET/node_modules/@vitest/runner/dist/index.js:905:54)\n    at processTicksAndRejections (node:internal/process/task_queues:103:5)\n    at Object.collect (file:///D:/TET/node_modules/@vitest/runner/dist/index.js:905:46)\n    at file:///D:/TET/node_modules/@vitest/runner/dist/index.js:1390:26\n    at collectTests (file:///D:/TET/node_modules/@vitest/runner/dist/index.js:1365:3)\n    at startTests (file:///D:/TET/node_modules/@vitest/runner/dist/index.js:1937:17)\n    at file:///D:/TET/node_modules/vitest/dist/chunks/base.CJ0Y4ePK.js:86:26"],"meta":{}},{"ancestorTitles":["Fallback UI Components","OfflineIndicator"],"fullName":"Fallback UI Components OfflineIndicator should have proper accessibility attributes","status":"failed","title":"should have proper accessibility attributes","duration":5026.958099999999,"failureMessages":["Error: STACK_TRACE_ERROR\n    at task (file:///D:/TET/node_modules/@vitest/runner/dist/index.js:796:27)\n    at Object.<anonymous> (file:///D:/TET/node_modules/@vitest/runner/dist/index.js:823:16)\n    at Object.<anonymous> (file:///D:/TET/node_modules/@vitest/runner/dist/index.js:615:28)\n    at chain (file:///D:/TET/node_modules/@vitest/runner/dist/chunk-tasks.js:9:14)\n    at D:/TET/tests/fallback-ui.test.tsx:78:5\n    at file:///D:/TET/node_modules/@vitest/runner/dist/index.js:901:40\n    at runWithSuite (file:///D:/TET/node_modules/@vitest/runner/dist/index.js:1195:8)\n    at Object.collect (file:///D:/TET/node_modules/@vitest/runner/dist/index.js:901:10)\n    at Object.collect (file:///D:/TET/node_modules/@vitest/runner/dist/index.js:905:54)\n    at processTicksAndRejections (node:internal/process/task_queues:103:5)\n    at Object.collect (file:///D:/TET/node_modules/@vitest/runner/dist/index.js:905:46)\n    at file:///D:/TET/node_modules/@vitest/runner/dist/index.js:1390:26\n    at collectTests (file:///D:/TET/node_modules/@vitest/runner/dist/index.js:1365:3)\n    at startTests (file:///D:/TET/node_modules/@vitest/runner/dist/index.js:1937:17)\n    at file:///D:/TET/node_modules/vitest/dist/chunks/base.CJ0Y4ePK.js:86:26"],"meta":{}},{"ancestorTitles":["Fallback UI Components","RealtimeStatusIndicator"],"fullName":"Fallback UI Components RealtimeStatusIndicator should not show when connected via realtime","status":"passed","title":"should not show when connected via realtime","duration":3.0223000000005413,"failureMessages":[],"meta":{}},{"ancestorTitles":["Fallback UI Components","RealtimeStatusIndicator"],"fullName":"Fallback UI Components RealtimeStatusIndicator should show when using fallback polling","status":"passed","title":"should show when using fallback polling","duration":3.779399999999441,"failureMessages":[],"meta":{}},{"ancestorTitles":["Fallback UI Components","RealtimeStatusIndicator"],"fullName":"Fallback UI Components RealtimeStatusIndicator should have spinning icon when polling","status":"passed","title":"should have spinning icon when polling","duration":13.28189999999995,"failureMessages":[],"meta":{}},{"ancestorTitles":["Fallback UI Components","RealtimeStatusIndicator"],"fullName":"Fallback UI Components RealtimeStatusIndicator should have proper accessibility attributes","status":"passed","title":"should have proper accessibility attributes","duration":5.874100000000908,"failureMessages":[],"meta":{}},{"ancestorTitles":["Fallback UI Components","EmptyState"],"fullName":"Fallback UI Components EmptyState should render title","status":"passed","title":"should render title","duration":3.260499999998501,"failureMessages":[],"meta":{}},{"ancestorTitles":["Fallback UI Components","EmptyState"],"fullName":"Fallback UI Components EmptyState should render description when provided","status":"passed","title":"should render description when provided","duration":3.780300000000352,"failureMessages":[],"meta":{}},{"ancestorTitles":["Fallback UI Components","EmptyState"],"fullName":"Fallback UI Components EmptyState should render icon when provided","status":"passed","title":"should render icon when provided","duration":4.899600000000646,"failureMessages":[],"meta":{}},{"ancestorTitles":["Fallback UI Components","EmptyState"],"fullName":"Fallback UI Components EmptyState should render action button when provided","status":"passed","title":"should render action button when provided","duration":14.420599999999467,"failureMessages":[],"meta":{}},{"ancestorTitles":["Fallback UI Components","EmptyState"],"fullName":"Fallback UI Components EmptyState should not render action button when not provided","status":"passed","title":"should not render action button when not provided","duration":2.0527000000001863,"failureMessages":[],"meta":{}},{"ancestorTitles":["Fallback UI Components","EmptyState"],"fullName":"Fallback UI Components EmptyState should have proper accessibility attributes","status":"passed","title":"should have proper accessibility attributes","duration":2.6696999999985565,"failureMessages":[],"meta":{}},{"ancestorTitles":["Fallback UI Components","EmptyState"],"fullName":"Fallback UI Components EmptyState should apply custom className","status":"passed","title":"should apply custom className","duration":2.6260000000002037,"failureMessages":[],"meta":{}}],"startTime":1771349773620,"endTime":1771349783803.626,"status":"failed","message":"","name":"D:/TET/tests/fallback-ui.test.tsx"},{"assertionResults":[{"ancestorTitles":["POST /api/families"],"fullName":"POST /api/families should return 400 if name is missing","status":"passed","title":"should return 400 if name is missing","duration":9.833899999999858,"failureMessages":[],"meta":{}},{"ancestorTitles":["POST /api/families"],"fullName":"POST /api/families should return 400 if name is empty string","status":"passed","title":"should return 400 if name is empty string","duration":1.7159999999998945,"failureMessages":[],"meta":{}},{"ancestorTitles":["POST /api/families"],"fullName":"POST /api/families should return 400 if name is whitespace only","status":"passed","title":"should return 400 if name is whitespace only","duration":1.2958000000000993,"failureMessages":[],"meta":{}},{"ancestorTitles":["POST /api/families"],"fullName":"POST /api/families should return 401 if user is not authenticated","status":"passed","title":"should return 401 if user is not authenticated","duration":1.6282000000001062,"failureMessages":[],"meta":{}},{"ancestorTitles":["POST /api/families"],"fullName":"POST /api/families should create family and add creator as admin","status":"passed","title":"should create family and add creator as admin","duration":6.897799999999961,"failureMessages":[],"meta":{}},{"ancestorTitles":["POST /api/families"],"fullName":"POST /api/families should generate unique 8-character invite code","status":"passed","title":"should generate unique 8-character invite code","duration":7.397699999999986,"failureMessages":[],"meta":{}},{"ancestorTitles":["POST /api/families"],"fullName":"POST /api/families should trim whitespace from family name","status":"passed","title":"should trim whitespace from family name","duration":1.7371999999998025,"failureMessages":[],"meta":{}}],"startTime":1771349789969,"endTime":1771349789999.7373,"status":"passed","message":"","name":"D:/TET/tests/families-api.test.ts"},{"assertionResults":[{"ancestorTitles":["Family Creation Property Tests"],"fullName":"Family Creation Property Tests Property 2: Unique Family Invite Code - For any family created, invite_code must be unique in the system","status":"passed","title":"Property 2: Unique Family Invite Code - For any family created, invite_code must be unique in the system","duration":140.5750999999998,"failureMessages":[],"meta":{}},{"ancestorTitles":["Family Creation Property Tests"],"fullName":"Family Creation Property Tests Property 3: Family Creator is Admin - For any family created, the creator must be automatically assigned admin role","status":"passed","title":"Property 3: Family Creator is Admin - For any family created, the creator must be automatically assigned admin role","duration":16.819099999999708,"failureMessages":[],"meta":{}},{"ancestorTitles":["Family Creation Property Tests"],"fullName":"Family Creation Property Tests Property 2 & 3 Combined: Family Creation Invariants - For any families created, all must have unique codes and creators must be admins","status":"passed","title":"Property 2 & 3 Combined: Family Creation Invariants - For any families created, all must have unique codes and creators must be admins","duration":111.13169999999991,"failureMessages":[],"meta":{}}],"startTime":1771349783976,"endTime":1771349784245.1316,"status":"passed","message":"","name":"D:/TET/tests/family-creation.property.test.ts"},{"assertionResults":[{"ancestorTitles":["FamilyInviteCard"],"fullName":"FamilyInviteCard should render invite link input and copy button","status":"passed","title":"should render invite link input and copy button","duration":48.53570000000036,"failureMessages":[],"meta":{}},{"ancestorTitles":["FamilyInviteCard"],"fullName":"FamilyInviteCard should display correct invite link","status":"passed","title":"should display correct invite link","duration":6.417199999999866,"failureMessages":[],"meta":{}},{"ancestorTitles":["FamilyInviteCard"],"fullName":"FamilyInviteCard should copy invite link to clipboard when button is clicked","status":"passed","title":"should copy invite link to clipboard when button is clicked","duration":48.79539999999997,"failureMessages":[],"meta":{}},{"ancestorTitles":["FamilyInviteCard"],"fullName":"FamilyInviteCard should show error toast when clipboard copy fails","status":"passed","title":"should show error toast when clipboard copy fails","duration":32.833000000000084,"failureMessages":[],"meta":{}},{"ancestorTitles":["FamilyInviteCard"],"fullName":"FamilyInviteCard should disable button and show loading text while copying","status":"passed","title":"should disable button and show loading text while copying","duration":39.88530000000037,"failureMessages":[],"meta":{}},{"ancestorTitles":["FamilyInviteCard"],"fullName":"FamilyInviteCard should display helper text","status":"passed","title":"should display helper text","duration":3.6244000000001506,"failureMessages":[],"meta":{}},{"ancestorTitles":["FamilyInviteCard"],"fullName":"FamilyInviteCard should handle different invite codes","status":"passed","title":"should handle different invite codes","duration":5.593600000000151,"failureMessages":[],"meta":{}}],"startTime":1771349785555,"endTime":1771349785741.5935,"status":"passed","message":"","name":"D:/TET/tests/family-invite-card.test.tsx"},{"assertionResults":[{"ancestorTitles":["Family Management - Form Validation (Requirement 2.2)","CreateFamilyForm validation"],"fullName":"Family Management - Form Validation (Requirement 2.2) CreateFamilyForm validation should show error when family name is empty","status":"passed","title":"should show error when family name is empty","duration":73.91379999999981,"failureMessages":[],"meta":{}},{"ancestorTitles":["Family Management - Form Validation (Requirement 2.2)","CreateFamilyForm validation"],"fullName":"Family Management - Form Validation (Requirement 2.2) CreateFamilyForm validation should show error when family name contains only whitespace","status":"passed","title":"should show error when family name contains only whitespace","duration":22.79320000000007,"failureMessages":[],"meta":{}},{"ancestorTitles":["Family Management - Form Validation (Requirement 2.2)","CreateFamilyForm validation"],"fullName":"Family Management - Form Validation (Requirement 2.2) CreateFamilyForm validation should trim whitespace from family name before submission","status":"passed","title":"should trim whitespace from family name before submission","duration":30.338199999999915,"failureMessages":[],"meta":{}},{"ancestorTitles":["Family Management - Form Validation (Requirement 2.2)","CreateFamilyForm validation"],"fullName":"Family Management - Form Validation (Requirement 2.2) CreateFamilyForm validation should accept valid family name","status":"passed","title":"should accept valid family name","duration":53.162199999999984,"failureMessages":[],"meta":{}},{"ancestorTitles":["Family Management - Form Validation (Requirement 2.2)","CreateFamilyForm validation"],"fullName":"Family Management - Form Validation (Requirement 2.2) CreateFamilyForm validation should disable form inputs while submitting","status":"passed","title":"should disable form inputs while submitting","duration":34.10889999999995,"failureMessages":[],"meta":{}},{"ancestorTitles":["Family Management - Form Validation (Requirement 2.2)","CreateFamilyForm validation"],"fullName":"Family Management - Form Validation (Requirement 2.2) CreateFamilyForm validation should show error message when API returns error","status":"passed","title":"should show error message when API returns error","duration":20.039099999999962,"failureMessages":[],"meta":{}},{"ancestorTitles":["Family Management - Form Validation (Requirement 2.2)","CreateFamilyForm validation"],"fullName":"Family Management - Form Validation (Requirement 2.2) CreateFamilyForm validation should enforce maximum length of 100 characters","status":"passed","title":"should enforce maximum length of 100 characters","duration":5.61200000000008,"failureMessages":[],"meta":{}},{"ancestorTitles":["Family Management - Invite Code Copy (Requirement 3.2)","FamilyInviteCard copy functionality"],"fullName":"Family Management - Invite Code Copy (Requirement 3.2) FamilyInviteCard copy functionality should display correct invite link format","status":"passed","title":"should display correct invite link format","duration":4.004100000000108,"failureMessages":[],"meta":{}},{"ancestorTitles":["Family Management - Invite Code Copy (Requirement 3.2)","FamilyInviteCard copy functionality"],"fullName":"Family Management - Invite Code Copy (Requirement 3.2) FamilyInviteCard copy functionality should copy invite link to clipboard when copy button is clicked","status":"passed","title":"should copy invite link to clipboard when copy button is clicked","duration":22.278600000000097,"failureMessages":[],"meta":{}},{"ancestorTitles":["Family Management - Invite Code Copy (Requirement 3.2)","FamilyInviteCard copy functionality"],"fullName":"Family Management - Invite Code Copy (Requirement 3.2) FamilyInviteCard copy functionality should show error toast when clipboard copy fails","status":"passed","title":"should show error toast when clipboard copy fails","duration":15.2817,"failureMessages":[],"meta":{}},{"ancestorTitles":["Family Management - Invite Code Copy (Requirement 3.2)","FamilyInviteCard copy functionality"],"fullName":"Family Management - Invite Code Copy (Requirement 3.2) FamilyInviteCard copy functionality should disable button and show loading state while copying","status":"passed","title":"should disable button and show loading state while copying","duration":17.75819999999976,"failureMessages":[],"meta":{}},{"ancestorTitles":["Family Management - Invite Code Copy (Requirement 3.2)","FamilyInviteCard copy functionality"],"fullName":"Family Management - Invite Code Copy (Requirement 3.2) FamilyInviteCard copy functionality should handle different invite codes correctly","status":"passed","title":"should handle different invite codes correctly","duration":5.559999999999945,"failureMessages":[],"meta":{}},{"ancestorTitles":["Family Management - Invite Code Copy (Requirement 3.2)","FamilyInviteCard copy functionality"],"fullName":"Family Management - Invite Code Copy (Requirement 3.2) FamilyInviteCard copy functionality should display helper text for sharing","status":"passed","title":"should display helper text for sharing","duration":3.355199999999968,"failureMessages":[],"meta":{}},{"ancestorTitles":["Family Management - Join with Invalid Code (Requirement 3.4)","JoinFamilyPage invalid code handling"],"fullName":"Family Management - Join with Invalid Code (Requirement 3.4) JoinFamilyPage invalid code handling should display error when invite code is not found","status":"passed","title":"should display error when invite code is not found","duration":37.00469999999996,"failureMessages":[],"meta":{}},{"ancestorTitles":["Family Management - Join with Invalid Code (Requirement 3.4)","JoinFamilyPage invalid code handling"],"fullName":"Family Management - Join with Invalid Code (Requirement 3.4) JoinFamilyPage invalid code handling should display error icon when code is invalid","status":"passed","title":"should display error icon when code is invalid","duration":49.81410000000005,"failureMessages":[],"meta":{}},{"ancestorTitles":["Family Management - Join with Invalid Code (Requirement 3.4)","JoinFamilyPage invalid code handling"],"fullName":"Family Management - Join with Invalid Code (Requirement 3.4) JoinFamilyPage invalid code handling should provide button to return to dashboard when code is invalid","status":"passed","title":"should provide button to return to dashboard when code is invalid","duration":15.525900000000092,"failureMessages":[],"meta":{}},{"ancestorTitles":["Family Management - Join with Invalid Code (Requirement 3.4)","JoinFamilyPage invalid code handling"],"fullName":"Family Management - Join with Invalid Code (Requirement 3.4) JoinFamilyPage invalid code handling should not allow joining when code is invalid","status":"passed","title":"should not allow joining when code is invalid","duration":15.020199999999932,"failureMessages":[],"meta":{}},{"ancestorTitles":["Family Management - Join with Invalid Code (Requirement 3.4)","JoinFamilyPage invalid code handling"],"fullName":"Family Management - Join with Invalid Code (Requirement 3.4) JoinFamilyPage invalid code handling should handle database errors gracefully","status":"passed","title":"should handle database errors gracefully","duration":17.976799999999912,"failureMessages":[],"meta":{}},{"ancestorTitles":["Family Management - Join with Invalid Code (Requirement 3.4)","JoinFamilyPage valid code scenarios"],"fullName":"Family Management - Join with Invalid Code (Requirement 3.4) JoinFamilyPage valid code scenarios should display family information when code is valid","status":"passed","title":"should display family information when code is valid","duration":20.02489999999989,"failureMessages":[],"meta":{}},{"ancestorTitles":["Family Management - Join with Invalid Code (Requirement 3.4)","JoinFamilyPage valid code scenarios"],"fullName":"Family Management - Join with Invalid Code (Requirement 3.4) JoinFamilyPage valid code scenarios should prompt login when user is not authenticated","status":"passed","title":"should prompt login when user is not authenticated","duration":39.23349999999982,"failureMessages":[],"meta":{}}],"startTime":1771349779868,"endTime":1771349780373.2334,"status":"passed","message":"","name":"D:/TET/tests/family-management.test.tsx"},{"assertionResults":[{"ancestorTitles":["FamilySelector"],"fullName":"FamilySelector should not render when user has only one family","status":"passed","title":"should not render when user has only one family","duration":106.5009,"failureMessages":[],"meta":{}},{"ancestorTitles":["FamilySelector"],"fullName":"FamilySelector should render dropdown when user has multiple families","status":"passed","title":"should render dropdown when user has multiple families","duration":92.69259999999986,"failureMessages":[],"meta":{}},{"ancestorTitles":["FamilySelector"],"fullName":"FamilySelector should switch family when selecting from dropdown","status":"passed","title":"should switch family when selecting from dropdown","duration":32.634900000000016,"failureMessages":[],"meta":{}},{"ancestorTitles":["FamilySelector"],"fullName":"FamilySelector should show check icon for current family","status":"passed","title":"should show check icon for current family","duration":26.945400000000063,"failureMessages":[],"meta":{}}],"startTime":1771349787159,"endTime":1771349787417.9453,"status":"passed","message":"","name":"D:/TET/tests/family-selector.test.tsx"},{"assertionResults":[{"ancestorTitles":["POST /api/families/[id]/join"],"fullName":"POST /api/families/[id]/join should return 401 if user is not authenticated","status":"passed","title":"should return 401 if user is not authenticated","duration":9.34660000000008,"failureMessages":[],"meta":{}},{"ancestorTitles":["POST /api/families/[id]/join"],"fullName":"POST /api/families/[id]/join should return 400 if invite code is missing","status":"passed","title":"should return 400 if invite code is missing","duration":1.883600000000115,"failureMessages":[],"meta":{}},{"ancestorTitles":["POST /api/families/[id]/join"],"fullName":"POST /api/families/[id]/join should return 404 if family does not exist or invite code does not match","status":"passed","title":"should return 404 if family does not exist or invite code does not match","duration":2.078100000000177,"failureMessages":[],"meta":{}},{"ancestorTitles":["POST /api/families/[id]/join"],"fullName":"POST /api/families/[id]/join should return 400 if user is already a member","status":"passed","title":"should return 400 if user is already a member","duration":2.500400000000127,"failureMessages":[],"meta":{}},{"ancestorTitles":["POST /api/families/[id]/join"],"fullName":"POST /api/families/[id]/join should successfully add user as member with role \"member\"","status":"passed","title":"should successfully add user as member with role \"member\"","duration":3.883600000000115,"failureMessages":[],"meta":{}},{"ancestorTitles":["POST /api/families/[id]/join"],"fullName":"POST /api/families/[id]/join should return 500 if database insert fails","status":"passed","title":"should return 500 if database insert fails","duration":2.5750000000000455,"failureMessages":[],"meta":{}}],"startTime":1771349790339,"endTime":1771349790361.575,"status":"passed","message":"","name":"D:/TET/tests/join-family-api.test.ts"},{"assertionResults":[{"ancestorTitles":["Join Family Integration"],"fullName":"Join Family Integration should complete the full join family flow","status":"passed","title":"should complete the full join family flow","duration":4.561999999999898,"failureMessages":[],"meta":{}},{"ancestorTitles":["Join Family Integration"],"fullName":"Join Family Integration should prevent duplicate membership","status":"passed","title":"should prevent duplicate membership","duration":0.8239000000000942,"failureMessages":[],"meta":{}}],"startTime":1771349790916,"endTime":1771349790921.824,"status":"passed","message":"","name":"D:/TET/tests/join-family-integration.test.ts"},{"assertionResults":[{"ancestorTitles":["Join Family Property Tests"],"fullName":"Join Family Property Tests Property 4: Join Family with Member Role - For any user joining a family via invite code, the user must be added with role \"member\"","status":"passed","title":"Property 4: Join Family with Member Role - For any user joining a family via invite code, the user must be added with role \"member\"","duration":27.984899999999925,"failureMessages":[],"meta":{}},{"ancestorTitles":["Join Family Property Tests"],"fullName":"Join Family Property Tests Property 4 Extended: Join Family Prevents Duplicate Membership - For any user already in a family, attempting to join again should not create duplicate membership","status":"passed","title":"Property 4 Extended: Join Family Prevents Duplicate Membership - For any user already in a family, attempting to join again should not create duplicate membership","duration":63.257699999999886,"failureMessages":[],"meta":{}},{"ancestorTitles":["Join Family Property Tests"],"fullName":"Join Family Property Tests Property 4 Comprehensive: Multiple Users Join Same Family - For any family, multiple different users joining must all receive \"member\" role","status":"passed","title":"Property 4 Comprehensive: Multiple Users Join Same Family - For any family, multiple different users joining must all receive \"member\" role","duration":126.47940000000017,"failureMessages":[],"meta":{}}],"startTime":1771349787810,"endTime":1771349788028.4795,"status":"passed","message":"","name":"D:/TET/tests/join-family.property.test.ts"},{"assertionResults":[{"ancestorTitles":["JoinFamilyPage"],"fullName":"JoinFamilyPage should display loading state initially","status":"passed","title":"should display loading state initially","duration":23.681600000000344,"failureMessages":[],"meta":{}},{"ancestorTitles":["JoinFamilyPage"],"fullName":"JoinFamilyPage should display family information when invite code is valid","status":"passed","title":"should display family information when invite code is valid","duration":49.57360000000017,"failureMessages":[],"meta":{}},{"ancestorTitles":["JoinFamilyPage"],"fullName":"JoinFamilyPage should display error when invite code is invalid","status":"passed","title":"should display error when invite code is invalid","duration":12.758499999999913,"failureMessages":[],"meta":{}},{"ancestorTitles":["JoinFamilyPage"],"fullName":"JoinFamilyPage should prompt login when user is not authenticated","status":"passed","title":"should prompt login when user is not authenticated","duration":17.960399999999936,"failureMessages":[],"meta":{}},{"ancestorTitles":["JoinFamilyPage"],"fullName":"JoinFamilyPage should call join API when authenticated user clicks join button","status":"passed","title":"should call join API when authenticated user clicks join button","duration":116.35350000000017,"failureMessages":[],"meta":{}}],"startTime":1771349786611,"endTime":1771349786831.3535,"status":"passed","message":"","name":"D:/TET/tests/join-family.test.tsx"},{"assertionResults":[{"ancestorTitles":["Lazy Loading Components"],"fullName":"Lazy Loading Components should show loading state for PhotoViewerLazy","status":"passed","title":"should show loading state for PhotoViewerLazy","duration":290.4737,"failureMessages":[],"meta":{}},{"ancestorTitles":["Lazy Loading Components"],"fullName":"Lazy Loading Components should show loading state for VideoRecapCreatorLazy","status":"passed","title":"should show loading state for VideoRecapCreatorLazy","duration":24.47340000000031,"failureMessages":[],"meta":{}},{"ancestorTitles":["Lazy Loading Components"],"fullName":"Lazy Loading Components should show loading state for AIContentFormLazy","status":"passed","title":"should show loading state for AIContentFormLazy","duration":40.245400000000245,"failureMessages":[],"meta":{}},{"ancestorTitles":["Infinite Scroll Components"],"fullName":"Infinite Scroll Components should calculate pagination correctly for PostFeedInfinite","status":"passed","title":"should calculate pagination correctly for PostFeedInfinite","duration":0.6376000000000204,"failureMessages":[],"meta":{}},{"ancestorTitles":["Infinite Scroll Components"],"fullName":"Infinite Scroll Components should render PhotoGridInfinite and handle empty state","status":"passed","title":"should render PhotoGridInfinite and handle empty state","duration":133.63560000000007,"failureMessages":[],"meta":{}},{"ancestorTitles":["API Pagination Support"],"fullName":"API Pagination Support should support pagination parameters in posts API","status":"passed","title":"should support pagination parameters in posts API","duration":0.3567000000002736,"failureMessages":[],"meta":{}},{"ancestorTitles":["API Pagination Support"],"fullName":"API Pagination Support should support pagination parameters in photos API","status":"passed","title":"should support pagination parameters in photos API","duration":0.17790000000013606,"failureMessages":[],"meta":{}},{"ancestorTitles":["API Pagination Support"],"fullName":"API Pagination Support should calculate correct range for page 2 of posts","status":"passed","title":"should calculate correct range for page 2 of posts","duration":0.11479999999983193,"failureMessages":[],"meta":{}},{"ancestorTitles":["API Pagination Support"],"fullName":"API Pagination Support should calculate correct range for page 3 of photos","status":"passed","title":"should calculate correct range for page 3 of photos","duration":0.08800000000019281,"failureMessages":[],"meta":{}}],"startTime":1771349782907,"endTime":1771349783397.3567,"status":"passed","message":"","name":"D:/TET/tests/lazy-loading.test.tsx"},{"assertionResults":[{"ancestorTitles":["Loading State Components","Skeleton"],"fullName":"Loading State Components Skeleton should render with default classes","status":"passed","title":"should render with default classes","duration":19.190999999999804,"failureMessages":[],"meta":{}},{"ancestorTitles":["Loading State Components","Skeleton"],"fullName":"Loading State Components Skeleton should accept custom className","status":"passed","title":"should accept custom className","duration":2.104699999999866,"failureMessages":[],"meta":{}},{"ancestorTitles":["Loading State Components","LoadingSpinner"],"fullName":"Loading State Components LoadingSpinner should render spinner with default size","status":"passed","title":"should render spinner with default size","duration":10.277599999999893,"failureMessages":[],"meta":{}},{"ancestorTitles":["Loading State Components","LoadingSpinner"],"fullName":"Loading State Components LoadingSpinner should render with text","status":"passed","title":"should render with text","duration":8.004599999999755,"failureMessages":[],"meta":{}},{"ancestorTitles":["Loading State Components","LoadingSpinner"],"fullName":"Loading State Components LoadingSpinner should render with different sizes","status":"passed","title":"should render with different sizes","duration":6.951599999999871,"failureMessages":[],"meta":{}},{"ancestorTitles":["Loading State Components","LoadingOverlay"],"fullName":"Loading State Components LoadingOverlay should not render when isLoading is false","status":"passed","title":"should not render when isLoading is false","duration":1.5978000000000065,"failureMessages":[],"meta":{}},{"ancestorTitles":["Loading State Components","LoadingOverlay"],"fullName":"Loading State Components LoadingOverlay should render when isLoading is true","status":"passed","title":"should render when isLoading is true","duration":2.9867000000003827,"failureMessages":[],"meta":{}},{"ancestorTitles":["Loading State Components","LoadingOverlay"],"fullName":"Loading State Components LoadingOverlay should render with text","status":"passed","title":"should render with text","duration":3.9155000000000655,"failureMessages":[],"meta":{}},{"ancestorTitles":["Loading State Components","LoadingOverlay"],"fullName":"Loading State Components LoadingOverlay should have backdrop blur","status":"passed","title":"should have backdrop blur","duration":2.9369000000001506,"failureMessages":[],"meta":{}},{"ancestorTitles":["Loading State Components","PostCardSkeleton"],"fullName":"Loading State Components PostCardSkeleton should render post card skeleton structure","status":"passed","title":"should render post card skeleton structure","duration":3.746100000000297,"failureMessages":[],"meta":{}},{"ancestorTitles":["Loading State Components","PostCardSkeleton"],"fullName":"Loading State Components PostCardSkeleton should have rounded avatar skeleton","status":"passed","title":"should have rounded avatar skeleton","duration":2.651499999999942,"failureMessages":[],"meta":{}},{"ancestorTitles":["Loading State Components","PhotoGridSkeleton"],"fullName":"Loading State Components PhotoGridSkeleton should render default number of skeletons","status":"passed","title":"should render default number of skeletons","duration":6.936099999999897,"failureMessages":[],"meta":{}},{"ancestorTitles":["Loading State Components","PhotoGridSkeleton"],"fullName":"Loading State Components PhotoGridSkeleton should render custom number of skeletons","status":"passed","title":"should render custom number of skeletons","duration":2.8964999999998327,"failureMessages":[],"meta":{}},{"ancestorTitles":["Loading State Components","PhotoGridSkeleton"],"fullName":"Loading State Components PhotoGridSkeleton should use grid layout","status":"passed","title":"should use grid layout","duration":3.8438999999998487,"failureMessages":[],"meta":{}},{"ancestorTitles":["Loading State Components","PhotoGridSkeleton"],"fullName":"Loading State Components PhotoGridSkeleton should have aspect-square items","status":"passed","title":"should have aspect-square items","duration":1.633100000000013,"failureMessages":[],"meta":{}},{"ancestorTitles":["Loading State Components","EventCardSkeleton"],"fullName":"Loading State Components EventCardSkeleton should render event card skeleton structure","status":"passed","title":"should render event card skeleton structure","duration":2.8924999999999272,"failureMessages":[],"meta":{}},{"ancestorTitles":["Loading State Components","EventCardSkeleton"],"fullName":"Loading State Components EventCardSkeleton should be wrapped in card styling","status":"passed","title":"should be wrapped in card styling","duration":2.9031999999997424,"failureMessages":[],"meta":{}},{"ancestorTitles":["Loading State Components","NotificationSkeleton"],"fullName":"Loading State Components NotificationSkeleton should render notification skeleton structure","status":"passed","title":"should render notification skeleton structure","duration":7.012500000000273,"failureMessages":[],"meta":{}},{"ancestorTitles":["Loading State Components","NotificationSkeleton"],"fullName":"Loading State Components NotificationSke
[...]
roperty.test.ts"},{"assertionResults":[{"ancestorTitles":["Video Creator Library","isVideoCreationSupported"],"fullName":"Video Creator Library isVideoCreationSupported should return false in non-browser environment","status":"passed","title":"should return false in non-browser environment","duration":0.8871999999998934,"failureMessages":[],"meta":{}},{"ancestorTitles":["Video Creator Library","blobToBase64"],"fullName":"Video Creator Library blobToBase64 should convert blob to base64 string","status":"passed","title":"should convert blob to base64 string","duration":30.277900000000045,"failureMessages":[],"meta":{}},{"ancestorTitles":["Video Creator Library","blobToBase64"],"fullName":"Video Creator Library blobToBase64 should handle empty blob","status":"passed","title":"should handle empty blob","duration":30.671100000000024,"failureMessages":[],"meta":{}},{"ancestorTitles":["Video Creator Library","createVideoRecap"],"fullName":"Video Creator Library createVideoRecap should throw error if no photos provided","status":"passed","title":"should throw error if no photos provided","duration":1.7269000000001142,"failureMessages":[],"meta":{}},{"ancestorTitles":["Video Creator Library","createVideoRecap"],"fullName":"Video Creator Library createVideoRecap should throw error if more than 50 photos","status":"passed","title":"should throw error if more than 50 photos","duration":0.39609999999993306,"failureMessages":[],"meta":{}},{"ancestorTitles":["Video Creator Library","createVideoRecap"],"fullName":"Video Creator Library createVideoRecap should validate photo count limits","status":"passed","title":"should validate photo count limits","duration":0.24329999999986285,"failureMessages":[],"meta":{}}],"startTime":1771349789266,"endTime":1771349789331.2434,"status":"passed","message":"","name":"D:/TET/tests/video-creator.test.ts"},{"assertionResults":[{"ancestorTitles":["Video Error Handling","Browser Support Detection"],"fullName":"Video Error Handling Browser Support Detection should detect when MediaRecorder is not supported","status":"passed","title":"should detect when MediaRecorder is not supported","duration":1.1972999999998137,"failureMessages":[],"meta":{}},{"ancestorTitles":["Video Error Handling","Browser Support Detection"],"fullName":"Video Error Handling Browser Support Detection should detect when captureStream is not supported","status":"passed","title":"should detect when captureStream is not supported","duration":0.2664999999999509,"failureMessages":[],"meta":{}},{"ancestorTitles":["Video Error Handling","Browser Support Detection"],"fullName":"Video Error Handling Browser Support Detection should return true when both MediaRecorder and captureStream are supported","status":"passed","title":"should return true when both MediaRecorder and captureStream are supported","duration":0.5791000000001532,"failureMessages":[],"meta":{}},{"ancestorTitles":["Video Error Handling","Browser Support Detection"],"fullName":"Video Error Handling Browser Support Detection should throw Vietnamese error message when browser not supported","status":"passed","title":"should throw Vietnamese error message when browser not supported","duration":1.7794999999998709,"failureMessages":[],"meta":{}},{"ancestorTitles":["Video Error Handling","Photo Limit Validation"],"fullName":"Video Error Handling Photo Limit Validation should reject when no photos provided","status":"passed","title":"should reject when no photos provided","duration":0.7163000000000466,"failureMessages":[],"meta":{}},{"ancestorTitles":["Video Error Handling","Photo Limit Validation"],"fullName":"Video Error Handling Photo Limit Validation should reject when more than 50 photos provided","status":"passed","title":"should reject when more than 50 photos provided","duration":0.9098000000001321,"failureMessages":[],"meta":{}},{"ancestorTitles":["Video Error Handling","Photo Limit Validation"],"fullName":"Video Error Handling Photo Limit Validation should accept exactly 50 photos","status":"passed","title":"should accept exactly 50 photos","duration":2.638500000000022,"failureMessages":[],"meta":{}},{"ancestorTitles":["Video Error Handling","Photo Limit Validation"],"fullName":"Video Error Handling Photo Limit Validation should accept 1 photo","status":"passed","title":"should accept 1 photo","duration":0.7367000000001553,"failureMessages":[],"meta":{}},{"ancestorTitles":["Video Error Handling","Memory Error Handling"],"fullName":"Video Error Handling Memory Error Handling should throw Vietnamese error when canvas context fails","status":"passed","title":"should throw Vietnamese error when canvas context fails","duration":1.7874000000001615,"failureMessages":[],"meta":{}},{"ancestorTitles":["Video Error Handling","Memory Error Handling"],"fullName":"Video Error Handling Memory Error Handling should throw Vietnamese error when canvas creation throws","status":"passed","title":"should throw Vietnamese error when canvas creation throws","duration":1.1920000000000073,"failureMessages":[],"meta":{}},{"ancestorTitles":["Video Error Handling","Memory Error Handling"],"fullName":"Video Error Handling Memory Error Handling should handle MediaRecorder memory errors","status":"passed","title":"should handle MediaRecorder memory errors","duration":0.601799999999912,"failureMessages":[],"meta":{}},{"ancestorTitles":["Video Error Handling","Photo Loading Error Handling"],"fullName":"Video Error Handling Photo Loading Error Handling should throw Vietnamese error when photo fails to load","status":"passed","title":"should throw Vietnamese error when photo fails to load","duration":40.93510000000015,"failureMessages":[],"meta":{}},{"ancestorTitles":["Video Error Handling","Photo Loading Error Handling"],"fullName":"Video Error Handling Photo Loading Error Handling should indicate correct photo index in error message","status":"passed","title":"should indicate correct photo index in error message","duration":281.3716999999999,"failureMessages":[],"meta":{}},{"ancestorTitles":["Video Error Handling","MediaRecorder Initialization Errors"],"fullName":"Video Error Handling MediaRecorder Initialization Errors should throw Vietnamese error when MediaRecorder constructor fails","status":"passed","title":"should throw Vietnamese error when MediaRecorder constructor fails","duration":18.87440000000015,"failureMessages":[],"meta":{}},{"ancestorTitles":["Video Error Handling","MediaRecorder Initialization Errors"],"fullName":"Video Error Handling MediaRecorder Initialization Errors should handle codec not supported gracefully","status":"passed","title":"should handle codec not supported gracefully","duration":191.19269999999983,"failureMessages":[],"meta":{}},{"ancestorTitles":["Video Error Handling","Error Message Localization"],"fullName":"Video Error Handling Error Message Localization should use Vietnamese error messages for all errors","status":"passed","title":"should use Vietnamese error messages for all errors","duration":3.542500000000018,"failureMessages":[],"meta":{}}],"startTime":1771349777435,"endTime":1771349777984.5425,"status":"passed","message":"","name":"D:/TET/tests/video-error-handling.test.ts"},{"assertionResults":[{"ancestorTitles":["Video Module - Photo Selection"],"fullName":"Video Module - Photo Selection should open photo selector when create video button is clicked","status":"passed","title":"should open photo selector when create video button is clicked","duration":58.74619999999982,"failureMessages":[],"meta":{}},{"ancestorTitles":["Video Module - Photo Selection"],"fullName":"Video Module - Photo Selection should display all available photos in selector","status":"passed","title":"should display all available photos in selector","duration":17.844699999999875,"failureMessages":[],"meta":{}},{"ancestorTitles":["Video Module - Photo Selection"],"fullName":"Video Module - Photo Selection should allow selecting and deselecting photos","status":"passed","title":"should allow selecting and deselecting photos","duration":27.06450000000018,"failureMessages":[],"meta":{}},{"ancestorTitles":["Video Module - Photo Selection"],"fullName":"Video Module - Photo Selection should enable confirm button only when photos are selected","status":"passed","title":"should enable confirm button only when photos are selected","duration":26.455600000000004,"failureMessages":[],"meta":{}},{"ancestorTitles":["Video Module - Photo Selection"],"fullName":"Video Module - Photo Selection should close selector when cancel is clicked","status":"passed","title":"should close selector when cancel is clicked","duration":26.401299999999992,"failureMessages":[],"meta":{}},{"ancestorTitles":["Video Module - Photo Selection"],"fullName":"Video Module - Photo Selection should respect maxPhotos limit","status":"passed","title":"should respect maxPhotos limit","duration":15.08789999999999,"failureMessages":[],"meta":{}},{"ancestorTitles":["Video Module - Photo Selection"],"fullName":"Video Module - Photo Selection should disable button when no photos available","status":"passed","title":"should disable button when no photos available","duration":3.0662999999999556,"failureMessages":[],"meta":{}},{"ancestorTitles":["Video Module - Photo Selection"],"fullName":"Video Module - Photo Selection should show error when browser not supported","status":"passed","title":"should show error when browser not supported","duration":7.371499999999969,"failureMessages":[],"meta":{}},{"ancestorTitles":["Video Module - Processing Status"],"fullName":"Video Module - Processing Status should show processing status when creating video","status":"passed","title":"should show processing status when creating video","duration":32.645699999999806,"failureMessages":[],"meta":{}},{"ancestorTitles":["Video Module - Processing Status"],"fullName":"Video Module - Processing Status should show progress percentage during processing","status":"passed","title":"should show progress percentage during processing","duration":76.63119999999981,"failureMessages":[],"meta":{}},{"ancestorTitles":["Video Module - Processing Status"],"fullName":"Video Module - Processing Status should show uploading status after video creation","status":"passed","title":"should show uploading status after video creation","duration":51.02110000000039,"failureMessages":[],"meta":{}},{"ancestorTitles":["Video Module - Processing Status"],"fullName":"Video Module - Processing Status should show completed status after successful upload","status":"passed","title":"should show completed status after successful upload","duration":47.627700000000004,"failureMessages":[],"meta":{}},{"ancestorTitles":["Video Module - Processing Status"],"fullName":"Video Module - Processing Status should disable create button during processing","status":"passed","title":"should disable create button during processing","duration":23.586499999999887,"failureMessages":[],"meta":{}},{"ancestorTitles":["Video Module - Error Handling"],"fullName":"Video Module - Error Handling should show error when video creation fails","status":"passed","title":"should show error when video creation fails","duration":54.84360000000015,"failureMessages":[],"meta":{}},{"ancestorTitles":["Video Module - Error Handling"],"fullName":"Video Module - Error Handling should show error when upload fails","status":"passed","title":"should show error when upload fails","duration":32.11709999999994,"failureMessages":[],"meta":{}},{"ancestorTitles":["Video Module - Error Handling"],"fullName":"Video Module - Error Handling should show retry button on error","status":"passed","title":"should show retry button on error","duration":33.183100000000195,"failureMessages":[],"meta":{}},{"ancestorTitles":["Video Module - Error Handling"],"fullName":"Video Module - Error Handling should reopen photo selector when retry is clicked","status":"passed","title":"should reopen photo selector when retry is clicked","duration":41.60080000000016,"failureMessages":[],"meta":{}},{"ancestorTitles":["Video Module - Error Handling"],"fullName":"Video Module - Error Handling should close error modal when close button is clicked","status":"passed","title":"should close error modal when close button is clicked","duration":34.0634,"failureMessages":[],"meta":{}},{"ancestorTitles":["Video Module - Error Handling"],"fullName":"Video Module - Error Handling should handle photo limit exceeded error","status":"passed","title":"should handle photo limit exceeded error","duration":156.7777000000001,"failureMessages":[],"meta":{}},{"ancestorTitles":["Video Module - Error Handling"],"fullName":"Video Module - Error Handling should handle network errors gracefully","status":"passed","title":"should handle network errors gracefully","duration":29.740299999999934,"failureMessages":[],"meta":{}},{"ancestorTitles":["Video Module - Error Handling"],"fullName":"Video Module - Error Handling should show Vietnamese error messages","status":"passed","title":"should show Vietnamese error messages","duration":46.04290000000037,"failureMessages":[],"meta":{}}],"startTime":1771349775693,"endTime":1771349776536.043,"status":"passed","message":"","name":"D:/TET/tests/video-module.test.tsx"},{"assertionResults":[{"ancestorTitles":["VideoPreview"],"fullName":"VideoPreview should render video player with correct source","status":"passed","title":"should render video player with correct source","duration":37.06219999999985,"failureMessages":[],"meta":{}},{"ancestorTitles":["VideoPreview"],"fullName":"VideoPreview should have controls and autoplay enabled","status":"passed","title":"should have controls and autoplay enabled","duration":7.233899999999721,"failureMessages":[],"meta":{}},{"ancestorTitles":["VideoPreview"],"fullName":"VideoPreview should call onClose when close button is clicked","status":"passed","title":"should call onClose when close button is clicked","duration":15.0300000000002,"failureMessages":[],"meta":{}},{"ancestorTitles":["VideoPreview"],"fullName":"VideoPreview should call onDownload when download button is clicked","status":"passed","title":"should call onDownload when download button is clicked","duration":6.9770000000003165,"failureMessages":[],"meta":{}},{"ancestorTitles":["VideoPreview"],"fullName":"VideoPreview should show title and description","status":"passed","title":"should show title and description","duration":11.32490000000007,"failureMessages":[],"meta":{}},{"ancestorTitles":["VideoPreview"],"fullName":"VideoPreview should show download button text on desktop","status":"passed","title":"should show download button text on desktop","duration":9.303799999999683,"failureMessages":[],"meta":{}},{"ancestorTitles":["VideoPreview"],"fullName":"VideoPreview should create download link when onDownload is not provided","status":"passed","title":"should create download link when onDownload is not provided","duration":11.264400000000023,"failureMessages":[],"meta":{}}],"startTime":1771349788235,"endTime":1771349788333.2644,"status":"passed","message":"","name":"D:/TET/tests/video-preview.test.tsx"},{"assertionResults":[{"ancestorTitles":["VideoProcessingStatus"],"fullName":"VideoProcessingStatus should not render when status is idle","status":"passed","title":"should not render when status is idle","duration":19.453300000000127,"failureMessages":[],"meta":{}},{"ancestorTitles":["VideoProcessingStatus"],"fullName":"VideoProcessingStatus should show processing status with progress bar","status":"passed","title":"should show processing status with progress bar","duration":24.201700000000073,"failureMessages":[],"meta":{}},{"ancestorTitles":["VideoProcessingStatus"],"fullName":"VideoProcessingStatus should show uploading status","status":"passed","title":"should show uploading status","duration":5.858400000000074,"failureMessages":[],"meta":{}},{"ancestorTitles":["VideoProcessingStatus"],"fullName":"VideoProcessingStatus should show completed status","status":"passed","title":"should show completed status","duration":15.136099999999715,"failureMessages":[],"meta":{}},{"ancestorTitles":["VideoProcessingStatus"],"fullName":"VideoProcessingStatus should show error status with custom error message","status":"passed","title":"should show error status with custom error message","duration":6.485300000000279,"failureMessages":[],"meta":{}},{"ancestorTitles":["VideoProcessingStatus"],"fullName":"VideoProcessingStatus should show default error message when no error provided","status":"passed","title":"should show default error message when no error provided","duration":4.322999999999865,"failureMessages":[],"meta":{}},{"ancestorTitles":["VideoProcessingStatus"],"fullName":"VideoProcessingStatus should call onRetry when retry button is clicked","status":"passed","title":"should call onRetry when retry button is clicked","duration":16.480599999999868,"failureMessages":[],"meta":{}},{"ancestorTitles":["VideoProcessingStatus"],"fullName":"VideoProcessingStatus should call onClose when close button is clicked on error","status":"passed","title":"should call onClose when close button is clicked on error","duration":4.277700000000095,"failureMessages":[],"meta":{}},{"ancestorTitles":["VideoProcessingStatus"],"fullName":"VideoProcessingStatus should call onClose when close button is clicked on completed","status":"passed","title":"should call onClose when close button is clicked on completed","duration":4.738600000000133,"failureMessages":[],"meta":{}},{"ancestorTitles":["VideoProcessingStatus"],"fullName":"VideoProcessingStatus should not show retry button when onRetry is not provided","status":"passed","title":"should not show retry button when onRetry is not provided","duration":4.248900000000049,"failureMessages":[],"meta":{}},{"ancestorTitles":["VideoProcessingStatus"],"fullName":"VideoProcessingStatus should not show close button when onClose is not provided","status":"passed","title":"should not show close button when onClose is not provided","duration":4.6577000000002045,"failureMessages":[],"meta":{}},{"ancestorTitles":["VideoProcessingStatus"],"fullName":"VideoProcessingStatus should show progress bar only for processing status","status":"passed","title":"should show progress bar only for processing status","duration":66.90139999999974,"failureMessages":[],"meta":{}},{"ancestorTitles":["VideoProcessingStatus"],"fullName":"VideoProcessingStatus should update progress bar width","status":"passed","title":"should update progress bar width","duration":27.725800000000163,"failureMessages":[],"meta":{}}],"startTime":1771349787425,"endTime":1771349787629.7258,"status":"passed","message":"","name":"D:/TET/tests/video-processing-status.test.tsx"},{"assertionResults":[{"ancestorTitles":["VideoRecapButton"],"fullName":"VideoRecapButton should render button with correct text","status":"passed","title":"should render button with correct text","duration":37.725900000000365,"failureMessages":[],"meta":{}},{"ancestorTitles":["VideoRecapButton"],"fullName":"VideoRecapButton should call onClick when clicked","status":"passed","title":"should call onClick when clicked","duration":17.22960000000012,"failureMessages":[],"meta":{}},{"ancestorTitles":["VideoRecapButton"],"fullName":"VideoRecapButton should be disabled when disabled prop is true","status":"passed","title":"should be disabled when disabled prop is true","duration":7.412800000000061,"failureMessages":[],"meta":{}},{"ancestorTitles":["VideoRecapButton"],"fullName":"VideoRecapButton should not be disabled when disabled prop is false","status":"passed","title":"should not be disabled when disabled prop is false","duration":6.7917999999999665,"failureMessages":[],"meta":{}},{"ancestorTitles":["VideoRecapButton"],"fullName":"VideoRecapButton should have correct styling classes","status":"passed","title":"should have correct styling classes","duration":6.195099999999911,"failureMessages":[],"meta":{}}],"startTime":1771349789574,"endTime":1771349789649.195,"status":"passed","message":"","name":"D:/TET/tests/video-recap-button.test.tsx"}]}